21:44:08 **** Incremental Build of configuration Debug for project testC++ ****
make all 
Building file: ../main.cpp
Invoking: Cygwin C++ Compiler
g++ -O0 -g3 -Wall -c -fmessage-length=0 -MMD -MP -MF"main.d" -MT"main.d" -o "main.o" "../main.cpp"
Finished building: ../main.cpp
 
Building target: testC++.exe
Invoking: Cygwin C++ Linker
g++  -o "testC++.exe"  ./main.o   
Finished building target: testC++.exe
 
21:45:20 **** Build of configuration Debug for project testC++ ****
make all 
Building target: testC++.exe
Invoking: Cygwin C++ Linker
g++  -o "testC++.exe"  ./main.o   
Finished building target: testC++.exe
 
21:45:22 **** Auto Build of configuration Debug for project testC++ ****
make all 
Building target: testC++.exe
Invoking: Cygwin C++ Linker
g++  -o "testC++.exe"  ./main.o   
Finished building target: testC++.exe
 
21:45:32 **** Auto Build of configuration Debug for project testC++ ****
make all 
Building file: ../main.cpp
Invoking: Cygwin C++ Compiler
g++ -O0 -g3 -Wall -c -fmessage-length=0 -MMD -MP -MF"main.d" -MT"main.d" -o "main.o" "../main.cpp"
Finished building: ../main.cpp
 
Building target: testC++.exe
Invoking: Cygwin C++ Linker
g++  -o "testC++.exe"  ./main.o   
Finished building target: testC++.exe
 
21:54:06 **** Build of configuration Debug for project testC++ ****
make all 
make: Nothing to be done for 'all'.
